GL_LOG_FILE log. local time Wed May  3 22:21:06 2017

starting GLFW 3.2.1 X11 GLX EGL clock_gettime /dev/js Xf86vm sharedrenderer: Mesa DRI Intel(R) HD Graphics 520 (Skylake GT2) 
version: 4.5 (Core Profile) Mesa 17.0.5
creating shader from shaders/vs.glsl...
shader compiled. index 1
creating shader from shaders/fs.glsl...
shader compiled. index 2
created programme 3. attaching shaders 1 and 2...
program 3 GL_VALIDATE_STATUS = GL_TRUE
creating shader from shaders/merc_vs.glsl...
shader compiled. index 4
creating shader from shaders/merc_fs.glsl...
shader compiled. index 5
created programme 6. attaching shaders 4 and 5...
program 6 GL_VALIDATE_STATUS = GL_TRUE
creating shader from shaders/merc_vs.glsl...
shader compiled. index 7
creating shader from shaders/venus_fs.glsl...
shader compiled. index 8
created programme 9. attaching shaders 7 and 8...
program 9 GL_VALIDATE_STATUS = GL_TRUE
creating shader from shaders/merc_vs.glsl...
shader compiled. index 10
creating shader from shaders/earth_fs.glsl...
shader compiled. index 11
created programme 12. attaching shaders 10 and 11...
program 12 GL_VALIDATE_STATUS = GL_TRUE
creating shader from shaders/merc_vs.glsl...
shader compiled. index 13
creating shader from shaders/mars_fs.glsl...
shader compiled. index 14
created programme 15. attaching shaders 13 and 14...
program 15 GL_VALIDATE_STATUS = GL_TRUE
creating shader from shaders/merc_vs.glsl...
shader compiled. index 16
creating shader from shaders/jupiter_fs.glsl...
shader compiled. index 17
created programme 18. attaching shaders 16 and 17...
program 18 GL_VALIDATE_STATUS = GL_TRUE
creating shader from shaders/merc_vs.glsl...
shader compiled. index 19
creating shader from shaders/saturn_fs.glsl...
shader compiled. index 20
created programme 21. attaching shaders 19 and 20...
program 21 GL_VALIDATE_STATUS = GL_TRUE
creating shader from shaders/merc_vs.glsl...
shader compiled. index 22
creating shader from shaders/uranus_fs.glsl...
shader compiled. index 23
created programme 24. attaching shaders 22 and 23...
program 24 GL_VALIDATE_STATUS = GL_TRUE
creating shader from shaders/merc_vs.glsl...
shader compiled. index 25
creating shader from shaders/neptune_fs.glsl...
shader compiled. index 26
created programme 27. attaching shaders 25 and 26...
program 27 GL_VALIDATE_STATUS = GL_TRUE
